2021-06-27 15:47:10,503 DEBUG [main] cache:45 - Couldn't find template in cache for "index.ftl"("en", UTF-8, parsed); will try to load it.
2021-06-27 15:47:10,511 DEBUG [main] cache:45 - TemplateLoader.findTemplateSource("index_en.ftl"): Not found
2021-06-27 15:47:10,516 DEBUG [main] cache:45 - TemplateLoader.findTemplateSource("index.ftl"): Found
2021-06-27 15:47:10,517 DEBUG [main] cache:45 - Loading template for "index.ftl"("en", UTF-8, parsed) from "jar:file:/C:/Users/Megha/.m2/repository/com/aventstack/extentreports/3.1.4/extentreports-3.1.4.jar!/com/aventstack/extentreports/view/html-report/index.ftl"
2021-06-27 15:47:10,901 DEBUG [main] cache:45 - Couldn't find template in cache for "head.ftl"("en", UTF-8, parsed); will try to load it.
2021-06-27 15:47:10,906 DEBUG [main] cache:45 - TemplateLoader.findTemplateSource("head_en.ftl"): Not found
2021-06-27 15:47:10,910 DEBUG [main] cache:45 - TemplateLoader.findTemplateSource("head.ftl"): Found
2021-06-27 15:47:10,912 DEBUG [main] cache:45 - Loading template for "head.ftl"("en", UTF-8, parsed) from "jar:file:/C:/Users/Megha/.m2/repository/com/aventstack/extentreports/3.1.4/extentreports-3.1.4.jar!/com/aventstack/extentreports/view/html-report/head.ftl"
2021-06-27 15:47:10,922 DEBUG [main] cache:45 - Couldn't find template in cache for "nav.ftl"("en", UTF-8, parsed); will try to load it.
2021-06-27 15:47:10,923 DEBUG [main] cache:45 - TemplateLoader.findTemplateSource("nav_en.ftl"): Not found
2021-06-27 15:47:10,924 DEBUG [main] cache:45 - TemplateLoader.findTemplateSource("nav.ftl"): Found
2021-06-27 15:47:10,925 DEBUG [main] cache:45 - Loading template for "nav.ftl"("en", UTF-8, parsed) from "jar:file:/C:/Users/Megha/.m2/repository/com/aventstack/extentreports/3.1.4/extentreports-3.1.4.jar!/com/aventstack/extentreports/view/html-report/nav.ftl"
2021-06-27 15:47:10,939 DEBUG [main] cache:45 - Couldn't find template in cache for "test-view/test-view.ftl"("en", UTF-8, parsed); will try to load it.
2021-06-27 15:47:10,953 DEBUG [main] cache:45 - TemplateLoader.findTemplateSource("test-view/test-view_en.ftl"): Not found
2021-06-27 15:47:10,964 DEBUG [main] cache:45 - TemplateLoader.findTemplateSource("test-view/test-view.ftl"): Found
2021-06-27 15:47:10,965 DEBUG [main] cache:45 - Loading template for "test-view/test-view.ftl"("en", UTF-8, parsed) from "jar:file:/C:/Users/Megha/.m2/repository/com/aventstack/extentreports/3.1.4/extentreports-3.1.4.jar!/com/aventstack/extentreports/view/html-report/test-view/test-view.ftl"
2021-06-27 15:47:11,027 DEBUG [main] cache:45 - Couldn't find template in cache for "test-view/standard.ftl"("en", UTF-8, parsed); will try to load it.
2021-06-27 15:47:11,030 DEBUG [main] cache:45 - TemplateLoader.findTemplateSource("test-view/standard_en.ftl"): Not found
2021-06-27 15:47:11,033 DEBUG [main] cache:45 - TemplateLoader.findTemplateSource("test-view/standard.ftl"): Found
2021-06-27 15:47:11,033 DEBUG [main] cache:45 - Loading template for "test-view/standard.ftl"("en", UTF-8, parsed) from "jar:file:/C:/Users/Megha/.m2/repository/com/aventstack/extentreports/3.1.4/extentreports-3.1.4.jar!/com/aventstack/extentreports/view/html-report/test-view/standard.ftl"
2021-06-27 15:47:11,084 DEBUG [main] cache:45 - "test-view/standard.ftl"("en", UTF-8, parsed) cached copy not yet stale; using cached.
2021-06-27 15:47:11,088 DEBUG [main] cache:45 - "test-view/standard.ftl"("en", UTF-8, parsed) cached copy not yet stale; using cached.
2021-06-27 15:47:11,091 DEBUG [main] cache:45 - Couldn't find template in cache for "test-view/test-view-charts.ftl"("en", UTF-8, parsed); will try to load it.
2021-06-27 15:47:11,094 DEBUG [main] cache:45 - TemplateLoader.findTemplateSource("test-view/test-view-charts_en.ftl"): Not found
2021-06-27 15:47:11,096 DEBUG [main] cache:45 - TemplateLoader.findTemplateSource("test-view/test-view-charts.ftl"): Found
2021-06-27 15:47:11,097 DEBUG [main] cache:45 - Loading template for "test-view/test-view-charts.ftl"("en", UTF-8, parsed) from "jar:file:/C:/Users/Megha/.m2/repository/com/aventstack/extentreports/3.1.4/extentreports-3.1.4.jar!/com/aventstack/extentreports/view/html-report/test-view/test-view-charts.ftl"
2021-06-27 15:47:11,117 DEBUG [main] cache:45 - Couldn't find template in cache for "category-view/category-view.ftl"("en", UTF-8, parsed); will try to load it.
2021-06-27 15:47:11,120 DEBUG [main] cache:45 - TemplateLoader.findTemplateSource("category-view/category-view_en.ftl"): Not found
2021-06-27 15:47:11,132 DEBUG [main] cache:45 - TemplateLoader.findTemplateSource("category-view/category-view.ftl"): Found
2021-06-27 15:47:11,134 DEBUG [main] cache:45 - Loading template for "category-view/category-view.ftl"("en", UTF-8, parsed) from "jar:file:/C:/Users/Megha/.m2/repository/com/aventstack/extentreports/3.1.4/extentreports-3.1.4.jar!/com/aventstack/extentreports/view/html-report/category-view/category-view.ftl"
2021-06-27 15:47:11,153 DEBUG [main] cache:45 - Couldn't find template in cache for "author-view/author-view.ftl"("en", UTF-8, parsed); will try to load it.
2021-06-27 15:47:11,157 DEBUG [main] cache:45 - TemplateLoader.findTemplateSource("author-view/author-view_en.ftl"): Not found
2021-06-27 15:47:11,160 DEBUG [main] cache:45 - TemplateLoader.findTemplateSource("author-view/author-view.ftl"): Found
2021-06-27 15:47:11,163 DEBUG [main] cache:45 - Loading template for "author-view/author-view.ftl"("en", UTF-8, parsed) from "jar:file:/C:/Users/Megha/.m2/repository/com/aventstack/extentreports/3.1.4/extentreports-3.1.4.jar!/com/aventstack/extentreports/view/html-report/author-view/author-view.ftl"
2021-06-27 15:47:11,183 DEBUG [main] cache:45 - Couldn't find template in cache for "exception-view/exception-view.ftl"("en", UTF-8, parsed); will try to load it.
2021-06-27 15:47:11,189 DEBUG [main] cache:45 - TemplateLoader.findTemplateSource("exception-view/exception-view_en.ftl"): Not found
2021-06-27 15:47:11,192 DEBUG [main] cache:45 - TemplateLoader.findTemplateSource("exception-view/exception-view.ftl"): Found
2021-06-27 15:47:11,194 DEBUG [main] cache:45 - Loading template for "exception-view/exception-view.ftl"("en", UTF-8, parsed) from "jar:file:/C:/Users/Megha/.m2/repository/com/aventstack/extentreports/3.1.4/extentreports-3.1.4.jar!/com/aventstack/extentreports/view/html-report/exception-view/exception-view.ftl"
2021-06-27 15:47:11,244 DEBUG [main] cache:45 - Couldn't find template in cache for "dashboard-view/dashboard-view.ftl"("en", UTF-8, parsed); will try to load it.
2021-06-27 15:47:11,252 DEBUG [main] cache:45 - TemplateLoader.findTemplateSource("dashboard-view/dashboard-view_en.ftl"): Not found
2021-06-27 15:47:11,253 DEBUG [main] cache:45 - TemplateLoader.findTemplateSource("dashboard-view/dashboard-view.ftl"): Found
2021-06-27 15:47:11,255 DEBUG [main] cache:45 - Loading template for "dashboard-view/dashboard-view.ftl"("en", UTF-8, parsed) from "jar:file:/C:/Users/Megha/.m2/repository/com/aventstack/extentreports/3.1.4/extentreports-3.1.4.jar!/com/aventstack/extentreports/view/html-report/dashboard-view/dashboard-view.ftl"
2021-06-27 15:47:11,273 DEBUG [main] cache:45 - Couldn't find template in cache for "logs-view/testrunner-logs-view.ftl"("en", UTF-8, parsed); will try to load it.
2021-06-27 15:47:11,278 DEBUG [main] cache:45 - TemplateLoader.findTemplateSource("logs-view/testrunner-logs-view_en.ftl"): Not found
2021-06-27 15:47:11,280 DEBUG [main] cache:45 - TemplateLoader.findTemplateSource("logs-view/testrunner-logs-view.ftl"): Found
2021-06-27 15:47:11,283 DEBUG [main] cache:45 - Loading template for "logs-view/testrunner-logs-view.ftl"("en", UTF-8, parsed) from "jar:file:/C:/Users/Megha/.m2/repository/com/aventstack/extentreports/3.1.4/extentreports-3.1.4.jar!/com/aventstack/extentreports/view/html-report/logs-view/testrunner-logs-view.ftl"
